<?xml version="1.0" encoding="UTF-8"?>
<testng-results ignored="0" total="1" passed="1" failed="0" skipped="0">
  <reporter-output>
  </reporter-output>
  <suite started-at="2023-09-02T01:36:10 EDT" name="Default suite" finished-at="2023-09-02T01:36:17 EDT" duration-ms="7019">
    <groups>
    </groups>
    <test started-at="2023-09-02T01:36:10 EDT" name="Default test" finished-at="2023-09-02T01:36:17 EDT" duration-ms="7019">
      <class name="StepDefinitions.SeleniumGrid">
        <test-method signature="runGrid()[pri:0, instance:StepDefinitions.SeleniumGrid@8462f31]" started-at="2023-09-02T01:36:10 EDT" name="runGrid" finished-at="2023-09-02T01:36:17 EDT" duration-ms="6970" status="PASS">
          <reporter-output>
          </reporter-output>
        </test-method> <!-- runGrid -->
      </class> <!-- StepDefinitions.SeleniumGrid -->
    </test> <!-- Default test -->
  </suite> <!-- Default suite -->
</testng-results>
